[2026-04-08T09:10:09.287+0000] {manager.py:470} INFO - Processing files using up to 2 processes at a time 
[2026-04-08T09:10:09.294+0000] {manager.py:471} INFO - Process each file at most once every 30 seconds
[2026-04-08T09:10:09.300+0000] {manager.py:472} INFO - Checking for new files in /opt/airflow/dags every 300 seconds
[2026-04-08T09:10:09.303+0000] {manager.py:737} INFO - Searching for files in /opt/airflow/dags
[2026-04-08T09:10:09.312+0000] {manager.py:740} INFO - There are 0 files in /opt/airflow/dags
[2026-04-08T09:15:09.391+0000] {manager.py:737} INFO - Searching for files in /opt/airflow/dags
[2026-04-08T09:15:09.448+0000] {manager.py:740} INFO - There are 0 files in /opt/airflow/dags
[2026-04-08T09:20:09.733+0000] {manager.py:737} INFO - Searching for files in /opt/airflow/dags
[2026-04-08T09:20:09.749+0000] {manager.py:740} INFO - There are 0 files in /opt/airflow/dags
[2026-04-08T09:25:10.043+0000] {manager.py:737} INFO - Searching for files in /opt/airflow/dags
[2026-04-08T09:25:10.076+0000] {manager.py:740} INFO - There are 0 files in /opt/airflow/dags
[2026-04-08T09:30:10.424+0000] {manager.py:737} INFO - Searching for files in /opt/airflow/dags
[2026-04-08T09:30:10.451+0000] {manager.py:740} INFO - There are 0 files in /opt/airflow/dags
[2026-04-08T09:35:11.285+0000] {manager.py:737} INFO - Searching for files in /opt/airflow/dags
[2026-04-08T09:35:11.327+0000] {manager.py:740} INFO - There are 0 files in /opt/airflow/dags
[2026-04-08T09:40:11.981+0000] {manager.py:737} INFO - Searching for files in /opt/airflow/dags
[2026-04-08T09:40:12.003+0000] {manager.py:740} INFO - There are 0 files in /opt/airflow/dags
[2026-04-08T09:45:12.421+0000] {manager.py:737} INFO - Searching for files in /opt/airflow/dags
[2026-04-08T09:45:12.447+0000] {manager.py:740} INFO - There are 0 files in /opt/airflow/dags
[2026-04-08T09:50:12.527+0000] {manager.py:737} INFO - Searching for files in /opt/airflow/dags
[2026-04-08T09:50:12.561+0000] {manager.py:740} INFO - There are 0 files in /opt/airflow/dags
[2026-04-08T09:55:12.880+0000] {manager.py:737} INFO - Searching for files in /opt/airflow/dags
[2026-04-08T09:55:12.907+0000] {manager.py:740} INFO - There are 0 files in /opt/airflow/dags
[2026-04-08T10:00:13.365+0000] {manager.py:737} INFO - Searching for files in /opt/airflow/dags
[2026-04-08T10:00:13.391+0000] {manager.py:740} INFO - There are 0 files in /opt/airflow/dags
[2026-04-08T10:05:13.988+0000] {manager.py:737} INFO - Searching for files in /opt/airflow/dags
[2026-04-08T10:05:14.021+0000] {manager.py:740} INFO - There are 0 files in /opt/airflow/dags
[2026-04-08T10:10:14.724+0000] {manager.py:737} INFO - Searching for files in /opt/airflow/dags
[2026-04-08T10:10:14.741+0000] {manager.py:740} INFO - There are 0 files in /opt/airflow/dags
[2026-04-08T10:15:15.493+0000] {manager.py:737} INFO - Searching for files in /opt/airflow/dags
[2026-04-08T10:15:15.515+0000] {manager.py:740} INFO - There are 0 files in /opt/airflow/dags
[2026-04-08T10:20:16.077+0000] {manager.py:737} INFO - Searching for files in /opt/airflow/dags
[2026-04-08T10:20:16.088+0000] {manager.py:740} INFO - There are 0 files in /opt/airflow/dags
[2026-04-08T10:25:16.726+0000] {manager.py:737} INFO - Searching for files in /opt/airflow/dags
[2026-04-08T10:25:16.744+0000] {manager.py:740} INFO - There are 0 files in /opt/airflow/dags
[2026-04-08T10:30:16.811+0000] {manager.py:737} INFO - Searching for files in /opt/airflow/dags
[2026-04-08T10:30:16.820+0000] {manager.py:740} INFO - There are 0 files in /opt/airflow/dags
[2026-04-08T10:35:17.273+0000] {manager.py:737} INFO - Searching for files in /opt/airflow/dags
[2026-04-08T10:35:17.284+0000] {manager.py:740} INFO - There are 0 files in /opt/airflow/dags
[2026-04-08T16:01:09.250+0000] {manager.py:737} INFO - Searching for files in /opt/airflow/dags
[2026-04-08T16:01:09.284+0000] {manager.py:740} INFO - There are 0 files in /opt/airflow/dags
[2026-04-08T16:06:09.415+0000] {manager.py:737} INFO - Searching for files in /opt/airflow/dags
[2026-04-08T16:06:09.426+0000] {manager.py:740} INFO - There are 0 files in /opt/airflow/dags
[2026-04-08T16:11:09.454+0000] {manager.py:737} INFO - Searching for files in /opt/airflow/dags
[2026-04-08T16:11:09.783+0000] {manager.py:740} INFO - There are 0 files in /opt/airflow/dags
[2026-04-08T16:44:13.472+0000] {manager.py:737} INFO - Searching for files in /opt/airflow/dags
[2026-04-08T16:44:16.014+0000] {manager.py:740} INFO - There are 0 files in /opt/airflow/dags
[2026-04-08T16:49:13.506+0000] {manager.py:737} INFO - Searching for files in /opt/airflow/dags
[2026-04-08T16:49:13.526+0000] {manager.py:740} INFO - There are 0 files in /opt/airflow/dags
[2026-04-08T16:54:13.857+0000] {manager.py:737} INFO - Searching for files in /opt/airflow/dags
[2026-04-08T16:54:13.877+0000] {manager.py:740} INFO - There are 0 files in /opt/airflow/dags
[2026-04-08T16:59:13.896+0000] {manager.py:737} INFO - Searching for files in /opt/airflow/dags
[2026-04-08T16:59:13.915+0000] {manager.py:740} INFO - There are 0 files in /opt/airflow/dags
[2026-04-08T17:04:14.012+0000] {manager.py:737} INFO - Searching for files in /opt/airflow/dags
[2026-04-08T17:04:14.024+0000] {manager.py:740} INFO - There are 0 files in /opt/airflow/dags
[2026-04-08T17:09:14.201+0000] {manager.py:737} INFO - Searching for files in /opt/airflow/dags
[2026-04-08T17:09:14.222+0000] {manager.py:740} INFO - There are 0 files in /opt/airflow/dags
[2026-04-08T17:14:14.835+0000] {manager.py:737} INFO - Searching for files in /opt/airflow/dags
[2026-04-08T17:14:14.909+0000] {manager.py:740} INFO - There are 0 files in /opt/airflow/dags
[2026-04-08T17:19:15.477+0000] {manager.py:737} INFO - Searching for files in /opt/airflow/dags
[2026-04-08T17:19:15.516+0000] {manager.py:740} INFO - There are 0 files in /opt/airflow/dags
[2026-04-08T17:24:15.883+0000] {manager.py:737} INFO - Searching for files in /opt/airflow/dags
[2026-04-08T17:24:15.898+0000] {manager.py:740} INFO - There are 0 files in /opt/airflow/dags
[2026-04-08T17:29:16.384+0000] {manager.py:737} INFO - Searching for files in /opt/airflow/dags
[2026-04-08T17:29:16.403+0000] {manager.py:740} INFO - There are 0 files in /opt/airflow/dags
[2026-04-08T17:34:16.817+0000] {manager.py:737} INFO - Searching for files in /opt/airflow/dags
[2026-04-08T17:34:16.831+0000] {manager.py:740} INFO - There are 0 files in /opt/airflow/dags
[2026-04-08T17:39:17.203+0000] {manager.py:737} INFO - Searching for files in /opt/airflow/dags
[2026-04-08T17:39:17.217+0000] {manager.py:740} INFO - There are 0 files in /opt/airflow/dags
[2026-04-08T17:44:17.458+0000] {manager.py:737} INFO - Searching for files in /opt/airflow/dags
[2026-04-08T17:44:17.531+0000] {manager.py:740} INFO - There are 0 files in /opt/airflow/dags
[2026-04-08T17:49:18.009+0000] {manager.py:737} INFO - Searching for files in /opt/airflow/dags
[2026-04-08T17:49:18.024+0000] {manager.py:740} INFO - There are 0 files in /opt/airflow/dags
[2026-04-08T17:54:18.455+0000] {manager.py:737} INFO - Searching for files in /opt/airflow/dags
[2026-04-08T17:54:18.475+0000] {manager.py:740} INFO - There are 0 files in /opt/airflow/dags
[2026-04-08T17:59:18.794+0000] {manager.py:737} INFO - Searching for files in /opt/airflow/dags
[2026-04-08T17:59:18.809+0000] {manager.py:740} INFO - There are 0 files in /opt/airflow/dags
[2026-04-08T18:04:19.181+0000] {manager.py:737} INFO - Searching for files in /opt/airflow/dags
[2026-04-08T18:04:19.199+0000] {manager.py:740} INFO - There are 0 files in /opt/airflow/dags
[2026-04-08T18:09:19.684+0000] {manager.py:737} INFO - Searching for files in /opt/airflow/dags
[2026-04-08T18:09:19.699+0000] {manager.py:740} INFO - There are 0 files in /opt/airflow/dags
[2026-04-08T18:14:19.773+0000] {manager.py:737} INFO - Searching for files in /opt/airflow/dags
[2026-04-08T18:14:19.782+0000] {manager.py:740} INFO - There are 0 files in /opt/airflow/dags
[2026-04-08T18:19:20.400+0000] {manager.py:737} INFO - Searching for files in /opt/airflow/dags
[2026-04-08T18:19:20.411+0000] {manager.py:740} INFO - There are 0 files in /opt/airflow/dags
[2026-04-08T18:24:20.799+0000] {manager.py:737} INFO - Searching for files in /opt/airflow/dags
[2026-04-08T18:24:20.808+0000] {manager.py:740} INFO - There are 0 files in /opt/airflow/dags
[2026-04-08T18:29:21.500+0000] {manager.py:737} INFO - Searching for files in /opt/airflow/dags
[2026-04-08T18:29:21.638+0000] {manager.py:740} INFO - There are 0 files in /opt/airflow/dags
[2026-04-08T18:34:22.095+0000] {manager.py:737} INFO - Searching for files in /opt/airflow/dags
[2026-04-08T18:34:22.106+0000] {manager.py:740} INFO - There are 0 files in /opt/airflow/dags
[2026-04-08T18:39:22.802+0000] {manager.py:737} INFO - Searching for files in /opt/airflow/dags
[2026-04-08T18:39:22.809+0000] {manager.py:740} INFO - There are 0 files in /opt/airflow/dags
[2026-04-08T18:44:23.278+0000] {manager.py:737} INFO - Searching for files in /opt/airflow/dags
[2026-04-08T18:44:23.286+0000] {manager.py:740} INFO - There are 0 files in /opt/airflow/dags
[2026-04-08T18:49:23.743+0000] {manager.py:737} INFO - Searching for files in /opt/airflow/dags
[2026-04-08T18:49:23.751+0000] {manager.py:740} INFO - There are 0 files in /opt/airflow/dags
[2026-04-08T18:54:24.149+0000] {manager.py:737} INFO - Searching for files in /opt/airflow/dags
[2026-04-08T18:54:24.156+0000] {manager.py:740} INFO - There are 0 files in /opt/airflow/dags
[2026-04-08T18:59:25.053+0000] {manager.py:737} INFO - Searching for files in /opt/airflow/dags
[2026-04-08T18:59:25.062+0000] {manager.py:740} INFO - There are 0 files in /opt/airflow/dags
[2026-04-08T19:04:25.477+0000] {manager.py:737} INFO - Searching for files in /opt/airflow/dags
[2026-04-08T19:04:25.489+0000] {manager.py:740} INFO - There are 0 files in /opt/airflow/dags
[2026-04-08T19:09:25.958+0000] {manager.py:737} INFO - Searching for files in /opt/airflow/dags
[2026-04-08T19:09:25.965+0000] {manager.py:740} INFO - There are 0 files in /opt/airflow/dags
[2026-04-08T19:47:29.832+0000] {manager.py:737} INFO - Searching for files in /opt/airflow/dags
[2026-04-08T19:47:31.022+0000] {manager.py:740} INFO - There are 0 files in /opt/airflow/dags
[2026-04-08T19:52:30.418+0000] {manager.py:737} INFO - Searching for files in /opt/airflow/dags
[2026-04-08T19:52:30.441+0000] {manager.py:740} INFO - There are 0 files in /opt/airflow/dags
[2026-04-08T19:57:30.686+0000] {manager.py:737} INFO - Searching for files in /opt/airflow/dags
[2026-04-08T19:57:30.707+0000] {manager.py:740} INFO - There are 0 files in /opt/airflow/dags
[2026-04-08T20:02:30.716+0000] {manager.py:737} INFO - Searching for files in /opt/airflow/dags
[2026-04-08T20:02:30.738+0000] {manager.py:740} INFO - There are 0 files in /opt/airflow/dags
[2026-04-08T20:07:30.977+0000] {manager.py:737} INFO - Searching for files in /opt/airflow/dags
[2026-04-08T20:07:30.997+0000] {manager.py:740} INFO - There are 0 files in /opt/airflow/dags
[2026-04-08T20:12:31.043+0000] {manager.py:737} INFO - Searching for files in /opt/airflow/dags
[2026-04-08T20:12:31.062+0000] {manager.py:740} INFO - There are 0 files in /opt/airflow/dags
[2026-04-08T20:17:31.143+0000] {manager.py:737} INFO - Searching for files in /opt/airflow/dags
[2026-04-08T20:17:31.192+0000] {manager.py:740} INFO - There are 0 files in /opt/airflow/dags
[2026-04-08T20:22:31.396+0000] {manager.py:737} INFO - Searching for files in /opt/airflow/dags
[2026-04-08T20:22:31.420+0000] {manager.py:740} INFO - There are 0 files in /opt/airflow/dags
[2026-04-08T20:27:31.400+0000] {manager.py:737} INFO - Searching for files in /opt/airflow/dags
[2026-04-08T20:27:31.426+0000] {manager.py:740} INFO - There are 0 files in /opt/airflow/dags
[2026-04-08T20:32:31.444+0000] {manager.py:737} INFO - Searching for files in /opt/airflow/dags
[2026-04-08T20:32:31.476+0000] {manager.py:740} INFO - There are 0 files in /opt/airflow/dags
[2026-04-08T20:37:32.426+0000] {manager.py:737} INFO - Searching for files in /opt/airflow/dags
[2026-04-08T20:37:32.457+0000] {manager.py:740} INFO - There are 0 files in /opt/airflow/dags
[2026-04-08T20:42:33.370+0000] {manager.py:737} INFO - Searching for files in /opt/airflow/dags
[2026-04-08T20:42:33.390+0000] {manager.py:740} INFO - There are 0 files in /opt/airflow/dags
[2026-04-08T20:47:33.651+0000] {manager.py:737} INFO - Searching for files in /opt/airflow/dags
[2026-04-08T20:47:33.673+0000] {manager.py:740} INFO - There are 0 files in /opt/airflow/dags
[2026-04-08T20:52:33.770+0000] {manager.py:737} INFO - Searching for files in /opt/airflow/dags
[2026-04-08T20:52:33.801+0000] {manager.py:740} INFO - There are 0 files in /opt/airflow/dags
[2026-04-08T20:57:33.863+0000] {manager.py:737} INFO - Searching for files in /opt/airflow/dags
[2026-04-08T20:57:33.881+0000] {manager.py:740} INFO - There are 0 files in /opt/airflow/dags
[2026-04-08T21:02:34.784+0000] {manager.py:737} INFO - Searching for files in /opt/airflow/dags
[2026-04-08T21:02:34.814+0000] {manager.py:740} INFO - There are 0 files in /opt/airflow/dags
[2026-04-08T21:07:34.915+0000] {manager.py:737} INFO - Searching for files in /opt/airflow/dags
[2026-04-08T21:07:34.945+0000] {manager.py:740} INFO - There are 0 files in /opt/airflow/dags
[2026-04-08T21:12:35.335+0000] {manager.py:737} INFO - Searching for files in /opt/airflow/dags
[2026-04-08T21:12:35.365+0000] {manager.py:740} INFO - There are 0 files in /opt/airflow/dags
[2026-04-08T21:17:36.001+0000] {manager.py:737} INFO - Searching for files in /opt/airflow/dags
[2026-04-08T21:17:36.009+0000] {manager.py:740} INFO - There are 0 files in /opt/airflow/dags
[2026-04-08T21:22:36.421+0000] {manager.py:737} INFO - Searching for files in /opt/airflow/dags
[2026-04-08T21:22:36.704+0000] {manager.py:740} INFO - There are 0 files in /opt/airflow/dags
[2026-04-08T21:27:37.135+0000] {manager.py:737} INFO - Searching for files in /opt/airflow/dags
[2026-04-08T21:27:37.142+0000] {manager.py:740} INFO - There are 0 files in /opt/airflow/dags
[2026-04-08T21:54:27.286+0000] {manager.py:737} INFO - Searching for files in /opt/airflow/dags
[2026-04-08T21:54:27.337+0000] {manager.py:740} INFO - There are 0 files in /opt/airflow/dags
[2026-04-08T21:59:27.815+0000] {manager.py:737} INFO - Searching for files in /opt/airflow/dags
[2026-04-08T21:59:27.823+0000] {manager.py:740} INFO - There are 0 files in /opt/airflow/dags
[2026-04-08T22:04:28.319+0000] {manager.py:737} INFO - Searching for files in /opt/airflow/dags
[2026-04-08T22:04:28.328+0000] {manager.py:740} INFO - There are 0 files in /opt/airflow/dags
[2026-04-08T22:09:28.815+0000] {manager.py:737} INFO - Searching for files in /opt/airflow/dags
[2026-04-08T22:09:28.824+0000] {manager.py:740} INFO - There are 0 files in /opt/airflow/dags
[2026-04-09T01:09:54.994+0000] {manager.py:737} INFO - Searching for files in /opt/airflow/dags
[2026-04-09T01:09:55.174+0000] {manager.py:740} INFO - There are 0 files in /opt/airflow/dags
[2026-04-09T04:43:20.289+0000] {manager.py:737} INFO - Searching for files in /opt/airflow/dags
[2026-04-09T04:43:20.398+0000] {manager.py:740} INFO - There are 0 files in /opt/airflow/dags
[2026-04-09T04:48:20.937+0000] {manager.py:737} INFO - Searching for files in /opt/airflow/dags
[2026-04-09T04:48:20.967+0000] {manager.py:740} INFO - There are 0 files in /opt/airflow/dags
[2026-04-09T04:53:21.447+0000] {manager.py:737} INFO - Searching for files in /opt/airflow/dags
[2026-04-09T04:53:21.872+0000] {manager.py:740} INFO - There are 0 files in /opt/airflow/dags
[2026-04-09T04:58:22.303+0000] {manager.py:737} INFO - Searching for files in /opt/airflow/dags
[2026-04-09T04:58:22.313+0000] {manager.py:740} INFO - There are 0 files in /opt/airflow/dags
[2026-04-09T05:03:22.718+0000] {manager.py:737} INFO - Searching for files in /opt/airflow/dags
[2026-04-09T05:03:22.725+0000] {manager.py:740} INFO - There are 0 files in /opt/airflow/dags
[2026-04-09T05:08:23.152+0000] {manager.py:737} INFO - Searching for files in /opt/airflow/dags
[2026-04-09T05:08:23.251+0000] {manager.py:740} INFO - There are 0 files in /opt/airflow/dags
[2026-04-09T05:13:23.618+0000] {manager.py:737} INFO - Searching for files in /opt/airflow/dags
[2026-04-09T05:13:23.671+0000] {manager.py:740} INFO - There are 0 files in /opt/airflow/dags
[2026-04-09T05:18:24.551+0000] {manager.py:737} INFO - Searching for files in /opt/airflow/dags
[2026-04-09T05:18:24.593+0000] {manager.py:740} INFO - There are 0 files in /opt/airflow/dags
[2026-04-09T05:23:25.011+0000] {manager.py:737} INFO - Searching for files in /opt/airflow/dags
[2026-04-09T05:23:25.206+0000] {manager.py:740} INFO - There are 1 files in /opt/airflow/dags
[2026-04-09T05:23:38.347+0000] {manager.py:878} INFO - 
================================================================================
DAG File Processing Stats

File Path                  PID    Runtime      # DAGs    # Errors  Last Runtime    Last Run
-------------------------  -----  ---------  --------  ----------  --------------  -------------------
/opt/airflow/dags/main.py                           0           1  0.12s           2026-04-09T05:23:36
================================================================================
[2026-04-09T05:24:08.453+0000] {manager.py:878} INFO - 
================================================================================
DAG File Processing Stats

File Path                    PID  Runtime      # DAGs    # Errors  Last Runtime    Last Run
-------------------------  -----  ---------  --------  ----------  --------------  -------------------
/opt/airflow/dags/main.py   5042  0.01s             0           1  0.51s           2026-04-09T05:24:06
================================================================================
[2026-04-09T05:24:38.572+0000] {manager.py:878} INFO - 
================================================================================
DAG File Processing Stats

File Path                  PID    Runtime      # DAGs    # Errors  Last Runtime    Last Run
-------------------------  -----  ---------  --------  ----------  --------------  -------------------
/opt/airflow/dags/main.py                           0           1  0.30s           2026-04-09T05:24:35
================================================================================
[2026-04-09T05:25:08.827+0000] {manager.py:878} INFO - 
================================================================================
DAG File Processing Stats

File Path                  PID    Runtime      # DAGs    # Errors  Last Runtime    Last Run
-------------------------  -----  ---------  --------  ----------  --------------  -------------------
/opt/airflow/dags/main.py                           0           1  0.19s           2026-04-09T05:25:05
================================================================================
[2026-04-09T05:25:39.064+0000] {manager.py:878} INFO - 
================================================================================
DAG File Processing Stats

File Path                  PID    Runtime      # DAGs    # Errors  Last Runtime    Last Run
-------------------------  -----  ---------  --------  ----------  --------------  -------------------
/opt/airflow/dags/main.py                           0           1  0.34s           2026-04-09T05:25:24
================================================================================
[2026-04-09T05:26:09.567+0000] {manager.py:878} INFO - 
================================================================================
DAG File Processing Stats

File Path                  PID    Runtime      # DAGs    # Errors  Last Runtime    Last Run
-------------------------  -----  ---------  --------  ----------  --------------  -------------------
/opt/airflow/dags/main.py                           0           1  0.31s           2026-04-09T05:26:00
================================================================================
[2026-04-09T05:26:40.205+0000] {manager.py:878} INFO - 
================================================================================
DAG File Processing Stats

File Path                  PID    Runtime      # DAGs    # Errors  Last Runtime    Last Run
-------------------------  -----  ---------  --------  ----------  --------------  -------------------
/opt/airflow/dags/main.py                           0           1  0.28s           2026-04-09T05:26:36
================================================================================
[2026-04-09T05:27:10.434+0000] {manager.py:878} INFO - 
================================================================================
DAG File Processing Stats

File Path                  PID    Runtime      # DAGs    # Errors  Last Runtime    Last Run
-------------------------  -----  ---------  --------  ----------  --------------  -------------------
/opt/airflow/dags/main.py                           0           1  0.23s           2026-04-09T05:27:09
================================================================================
[2026-04-09T05:27:40.837+0000] {manager.py:878} INFO - 
================================================================================
DAG File Processing Stats

File Path                  PID    Runtime      # DAGs    # Errors  Last Runtime    Last Run
-------------------------  -----  ---------  --------  ----------  --------------  -------------------
/opt/airflow/dags/main.py                           0           1  0.27s           2026-04-09T05:27:12
================================================================================
[2026-04-09T05:28:11.025+0000] {manager.py:878} INFO - 
================================================================================
DAG File Processing Stats

File Path                  PID    Runtime      # DAGs    # Errors  Last Runtime    Last Run
-------------------------  -----  ---------  --------  ----------  --------------  -------------------
/opt/airflow/dags/main.py                           0           1  0.22s           2026-04-09T05:27:58
================================================================================
[2026-04-09T05:28:25.193+0000] {manager.py:737} INFO - Searching for files in /opt/airflow/dags
[2026-04-09T05:28:25.304+0000] {manager.py:740} INFO - There are 1 files in /opt/airflow/dags
[2026-04-09T05:28:41.465+0000] {manager.py:878} INFO - 
================================================================================
DAG File Processing Stats

File Path                  PID    Runtime      # DAGs    # Errors  Last Runtime    Last Run
-------------------------  -----  ---------  --------  ----------  --------------  -------------------
/opt/airflow/dags/main.py                           0           1  0.23s           2026-04-09T05:28:28
================================================================================
[2026-04-09T05:29:11.878+0000] {manager.py:878} INFO - 
================================================================================
DAG File Processing Stats

File Path                  PID    Runtime      # DAGs    # Errors  Last Runtime    Last Run
-------------------------  -----  ---------  --------  ----------  --------------  -------------------
/opt/airflow/dags/main.py                           0           1  0.23s           2026-04-09T05:28:58
================================================================================
[2026-04-09T05:29:42.140+0000] {manager.py:878} INFO - 
================================================================================
DAG File Processing Stats

File Path                  PID    Runtime      # DAGs    # Errors  Last Runtime    Last Run
-------------------------  -----  ---------  --------  ----------  --------------  -------------------
/opt/airflow/dags/main.py                           0           1  0.26s           2026-04-09T05:29:29
================================================================================
[2026-04-09T05:30:12.572+0000] {manager.py:878} INFO - 
================================================================================
DAG File Processing Stats

File Path                  PID    Runtime      # DAGs    # Errors  Last Runtime    Last Run
-------------------------  -----  ---------  --------  ----------  --------------  -------------------
/opt/airflow/dags/main.py                           0           1  0.35s           2026-04-09T05:29:59
================================================================================
[2026-04-09T05:30:43.151+0000] {manager.py:878} INFO - 
================================================================================
DAG File Processing Stats

File Path                  PID    Runtime      # DAGs    # Errors  Last Runtime    Last Run
-------------------------  -----  ---------  --------  ----------  --------------  -------------------
/opt/airflow/dags/main.py                           0           1  0.35s           2026-04-09T05:30:30
================================================================================
[2026-04-09T05:31:13.701+0000] {manager.py:878} INFO - 
================================================================================
DAG File Processing Stats

File Path                  PID    Runtime      # DAGs    # Errors  Last Runtime    Last Run
-------------------------  -----  ---------  --------  ----------  --------------  -------------------
/opt/airflow/dags/main.py                           0           1  0.18s           2026-04-09T05:31:00
================================================================================
[2026-04-09T05:31:44.058+0000] {manager.py:878} INFO - 
================================================================================
DAG File Processing Stats

File Path                  PID    Runtime      # DAGs    # Errors  Last Runtime    Last Run
-------------------------  -----  ---------  --------  ----------  --------------  -------------------
/opt/airflow/dags/main.py                           0           0  0.17s           2026-04-09T05:31:29
================================================================================
[2026-04-09T05:32:14.297+0000] {manager.py:878} INFO - 
================================================================================
DAG File Processing Stats

File Path                  PID    Runtime      # DAGs    # Errors  Last Runtime    Last Run
-------------------------  -----  ---------  --------  ----------  --------------  -------------------
/opt/airflow/dags/main.py                           0           0  0.18s           2026-04-09T05:32:00
================================================================================
[2026-04-09T05:32:44.637+0000] {manager.py:878} INFO - 
================================================================================
DAG File Processing Stats

File Path                  PID    Runtime      # DAGs    # Errors  Last Runtime    Last Run
-------------------------  -----  ---------  --------  ----------  --------------  -------------------
/opt/airflow/dags/main.py                           0           0  0.17s           2026-04-09T05:32:30
================================================================================
[2026-04-09T05:33:14.909+0000] {manager.py:878} INFO - 
================================================================================
DAG File Processing Stats

File Path                  PID    Runtime      # DAGs    # Errors  Last Runtime    Last Run
-------------------------  -----  ---------  --------  ----------  --------------  -------------------
/opt/airflow/dags/main.py                           0           0  0.19s           2026-04-09T05:33:00
================================================================================
[2026-04-09T05:33:25.992+0000] {manager.py:737} INFO - Searching for files in /opt/airflow/dags
[2026-04-09T05:33:26.276+0000] {manager.py:740} INFO - There are 1 files in /opt/airflow/dags
[2026-04-09T05:33:45.466+0000] {manager.py:878} INFO - 
================================================================================
DAG File Processing Stats

File Path                  PID    Runtime      # DAGs    # Errors  Last Runtime    Last Run
-------------------------  -----  ---------  --------  ----------  --------------  -------------------
/opt/airflow/dags/main.py                           0           0  0.16s           2026-04-09T05:33:31
================================================================================
[2026-04-09T05:34:15.834+0000] {manager.py:878} INFO - 
================================================================================
DAG File Processing Stats

File Path                  PID    Runtime      # DAGs    # Errors  Last Runtime    Last Run
-------------------------  -----  ---------  --------  ----------  --------------  -------------------
/opt/airflow/dags/main.py                           0           0  0.20s           2026-04-09T05:34:01
================================================================================
[2026-04-09T05:34:45.848+0000] {manager.py:878} INFO - 
================================================================================
DAG File Processing Stats

File Path                  PID    Runtime      # DAGs    # Errors  Last Runtime    Last Run
-------------------------  -----  ---------  --------  ----------  --------------  -------------------
/opt/airflow/dags/main.py                           0           1  0.20s           2026-04-09T05:34:43
================================================================================
[2026-04-09T05:35:16.510+0000] {manager.py:878} INFO - 
================================================================================
DAG File Processing Stats

File Path                  PID    Runtime      # DAGs    # Errors  Last Runtime    Last Run
-------------------------  -----  ---------  --------  ----------  --------------  -------------------
/opt/airflow/dags/main.py                           0           1  0.18s           2026-04-09T05:35:13
================================================================================
[2026-04-09T05:35:47.401+0000] {manager.py:878} INFO - 
================================================================================
DAG File Processing Stats

File Path                  PID    Runtime      # DAGs    # Errors  Last Runtime    Last Run
-------------------------  -----  ---------  --------  ----------  --------------  -------------------
/opt/airflow/dags/main.py                           0           1  0.10s           2026-04-09T05:35:41
================================================================================
[2026-04-09T05:36:17.427+0000] {manager.py:878} INFO - 
================================================================================
DAG File Processing Stats

File Path                  PID    Runtime      # DAGs    # Errors  Last Runtime    Last Run
-------------------------  -----  ---------  --------  ----------  --------------  -------------------
/opt/airflow/dags/main.py                           0           1  0.14s           2026-04-09T05:36:11
================================================================================
[2026-04-09T05:36:48.015+0000] {manager.py:878} INFO - 
================================================================================
DAG File Processing Stats

File Path                  PID    Runtime      # DAGs    # Errors  Last Runtime    Last Run
-------------------------  -----  ---------  --------  ----------  --------------  -------------------
/opt/airflow/dags/main.py                           0           1  0.12s           2026-04-09T05:36:36
================================================================================
[2026-04-09T05:37:18.035+0000] {manager.py:878} INFO - 
================================================================================
DAG File Processing Stats

File Path                  PID    Runtime      # DAGs    # Errors  Last Runtime    Last Run
-------------------------  -----  ---------  --------  ----------  --------------  -------------------
/opt/airflow/dags/main.py                           0           1  0.37s           2026-04-09T05:37:18
================================================================================
[2026-04-09T05:37:47.951+0000] {manager.py:878} INFO - 
================================================================================
DAG File Processing Stats

File Path                    PID  Runtime      # DAGs    # Errors  Last Runtime    Last Run
-------------------------  -----  ---------  --------  ----------  --------------  -------------------
/opt/airflow/dags/main.py   5284  0.01s             0           1  0.20s           2026-04-09T05:37:45
================================================================================
[2026-04-09T05:38:18.761+0000] {manager.py:878} INFO - 
================================================================================
DAG File Processing Stats

File Path                    PID  Runtime      # DAGs    # Errors  Last Runtime    Last Run
-------------------------  -----  ---------  --------  ----------  --------------  -------------------
/opt/airflow/dags/main.py   5293  0.00s             0           1  0.26s           2026-04-09T05:38:02
================================================================================
[2026-04-09T05:38:26.141+0000] {manager.py:737} INFO - Searching for files in /opt/airflow/dags
[2026-04-09T05:38:26.324+0000] {manager.py:740} INFO - There are 1 files in /opt/airflow/dags
[2026-04-09T05:38:48.891+0000] {manager.py:878} INFO - 
================================================================================
DAG File Processing Stats

File Path                  PID    Runtime      # DAGs    # Errors  Last Runtime    Last Run
-------------------------  -----  ---------  --------  ----------  --------------  -------------------
/opt/airflow/dags/main.py                           0           1  0.24s           2026-04-09T05:38:42
================================================================================
[2026-04-09T05:39:19.102+0000] {manager.py:878} INFO - 
================================================================================
DAG File Processing Stats

File Path                  PID    Runtime      # DAGs    # Errors  Last Runtime    Last Run
-------------------------  -----  ---------  --------  ----------  --------------  -------------------
/opt/airflow/dags/main.py                           0           1  0.39s           2026-04-09T05:39:13
================================================================================
[2026-04-09T05:39:49.552+0000] {manager.py:878} INFO - 
================================================================================
DAG File Processing Stats

File Path                  PID    Runtime      # DAGs    # Errors  Last Runtime    Last Run
-------------------------  -----  ---------  --------  ----------  --------------  -------------------
/opt/airflow/dags/main.py                           0           1  0.23s           2026-04-09T05:39:43
================================================================================
[2026-04-09T05:40:19.635+0000] {manager.py:878} INFO - 
================================================================================
DAG File Processing Stats

File Path                  PID    Runtime      # DAGs    # Errors  Last Runtime    Last Run
-------------------------  -----  ---------  --------  ----------  --------------  -------------------
/opt/airflow/dags/main.py                           0           1  0.21s           2026-04-09T05:40:15
================================================================================
[2026-04-09T05:40:49.866+0000] {manager.py:878} INFO - 
================================================================================
DAG File Processing Stats

File Path                  PID    Runtime      # DAGs    # Errors  Last Runtime    Last Run
-------------------------  -----  ---------  --------  ----------  --------------  -------------------
/opt/airflow/dags/main.py                           0           1  0.23s           2026-04-09T05:40:45
================================================================================
[2026-04-09T05:41:20.421+0000] {manager.py:878} INFO - 
================================================================================
DAG File Processing Stats

File Path                  PID    Runtime      # DAGs    # Errors  Last Runtime    Last Run
-------------------------  -----  ---------  --------  ----------  --------------  -------------------
/opt/airflow/dags/main.py                           0           1  0.27s           2026-04-09T05:40:55
================================================================================
[2026-04-09T05:41:50.751+0000] {manager.py:878} INFO - 
================================================================================
DAG File Processing Stats

File Path                  PID    Runtime      # DAGs    # Errors  Last Runtime    Last Run
-------------------------  -----  ---------  --------  ----------  --------------  -------------------
/opt/airflow/dags/main.py                           0           1  0.28s           2026-04-09T05:41:25
================================================================================
[2026-04-09T05:42:21.069+0000] {manager.py:878} INFO - 
================================================================================
DAG File Processing Stats

File Path                  PID    Runtime      # DAGs    # Errors  Last Runtime    Last Run
-------------------------  -----  ---------  --------  ----------  --------------  -------------------
/opt/airflow/dags/main.py                           0           1  0.50s           2026-04-09T05:41:56
================================================================================
[2026-04-09T05:42:51.658+0000] {manager.py:878} INFO - 
================================================================================
DAG File Processing Stats

File Path                  PID    Runtime      # DAGs    # Errors  Last Runtime    Last Run
-------------------------  -----  ---------  --------  ----------  --------------  -------------------
/opt/airflow/dags/main.py                           0           1  0.29s           2026-04-09T05:42:26
================================================================================
[2026-04-09T05:43:22.128+0000] {manager.py:878} INFO - 
================================================================================
DAG File Processing Stats

File Path                  PID    Runtime      # DAGs    # Errors  Last Runtime    Last Run
-------------------------  -----  ---------  --------  ----------  --------------  -------------------
/opt/airflow/dags/main.py                           0           1  0.17s           2026-04-09T05:42:57
================================================================================
[2026-04-09T05:43:26.335+0000] {manager.py:737} INFO - Searching for files in /opt/airflow/dags
[2026-04-09T05:43:26.446+0000] {manager.py:740} INFO - There are 1 files in /opt/airflow/dags
[2026-04-09T05:43:52.703+0000] {manager.py:878} INFO - 
================================================================================
DAG File Processing Stats

File Path                  PID    Runtime      # DAGs    # Errors  Last Runtime    Last Run
-------------------------  -----  ---------  --------  ----------  --------------  -------------------
/opt/airflow/dags/main.py                           0           1  0.26s           2026-04-09T05:43:27
================================================================================
[2026-04-09T05:44:22.843+0000] {manager.py:878} INFO - 
================================================================================
DAG File Processing Stats

File Path                  PID    Runtime      # DAGs    # Errors  Last Runtime    Last Run
-------------------------  -----  ---------  --------  ----------  --------------  -------------------
/opt/airflow/dags/main.py                           0           1  0.65s           2026-04-09T05:43:58
================================================================================
[2026-04-09T05:44:53.916+0000] {manager.py:878} INFO - 
================================================================================
DAG File Processing Stats

File Path                  PID    Runtime      # DAGs    # Errors  Last Runtime    Last Run
-------------------------  -----  ---------  --------  ----------  --------------  -------------------
/opt/airflow/dags/main.py                           0           1  1.18s           2026-04-09T05:44:29
================================================================================
[2026-04-09T05:45:24.253+0000] {manager.py:878} INFO - 
================================================================================
DAG File Processing Stats

File Path                  PID    Runtime      # DAGs    # Errors  Last Runtime    Last Run
-------------------------  -----  ---------  --------  ----------  --------------  -------------------
/opt/airflow/dags/main.py                           0           1  0.32s           2026-04-09T05:45:00
================================================================================
[2026-04-09T05:45:54.339+0000] {manager.py:878} INFO - 
================================================================================
DAG File Processing Stats

File Path                  PID    Runtime      # DAGs    # Errors  Last Runtime    Last Run
-------------------------  -----  ---------  --------  ----------  --------------  -------------------
/opt/airflow/dags/main.py                           0           1  0.68s           2026-04-09T05:45:30
================================================================================
[2026-04-09T05:46:24.555+0000] {manager.py:878} INFO - 
================================================================================
DAG File Processing Stats

File Path                  PID    Runtime      # DAGs    # Errors  Last Runtime    Last Run
-------------------------  -----  ---------  --------  ----------  --------------  -------------------
/opt/airflow/dags/main.py                           0           1  0.23s           2026-04-09T05:46:01
================================================================================
[2026-04-09T05:46:54.990+0000] {manager.py:878} INFO - 
================================================================================
DAG File Processing Stats

File Path                  PID    Runtime      # DAGs    # Errors  Last Runtime    Last Run
-------------------------  -----  ---------  --------  ----------  --------------  -------------------
/opt/airflow/dags/main.py                           0           1  0.28s           2026-04-09T05:46:32
================================================================================
[2026-04-09T05:47:25.443+0000] {manager.py:878} INFO - 
================================================================================
DAG File Processing Stats

File Path                  PID    Runtime      # DAGs    # Errors  Last Runtime    Last Run
-------------------------  -----  ---------  --------  ----------  --------------  -------------------
/opt/airflow/dags/main.py                           0           1  0.20s           2026-04-09T05:47:02
================================================================================
[2026-04-09T05:47:55.871+0000] {manager.py:878} INFO - 
================================================================================
DAG File Processing Stats

File Path                  PID    Runtime      # DAGs    # Errors  Last Runtime    Last Run
-------------------------  -----  ---------  --------  ----------  --------------  -------------------
/opt/airflow/dags/main.py                           1           0  3.78s           2026-04-09T05:47:48
================================================================================
[2026-04-09T05:48:25.992+0000] {manager.py:878} INFO - 
================================================================================
DAG File Processing Stats

File Path                  PID    Runtime      # DAGs    # Errors  Last Runtime    Last Run
-------------------------  -----  ---------  --------  ----------  --------------  -------------------
/opt/airflow/dags/main.py                           1           0  0.91s           2026-04-09T05:48:19
================================================================================
[2026-04-09T05:48:26.999+0000] {manager.py:737} INFO - Searching for files in /opt/airflow/dags
[2026-04-09T05:48:27.104+0000] {manager.py:740} INFO - There are 1 files in /opt/airflow/dags
[2026-04-09T05:48:56.513+0000] {manager.py:878} INFO - 
================================================================================
DAG File Processing Stats

File Path                  PID    Runtime      # DAGs    # Errors  Last Runtime    Last Run
-------------------------  -----  ---------  --------  ----------  --------------  -------------------
/opt/airflow/dags/main.py                           1           0  0.46s           2026-04-09T05:48:50
================================================================================
[2026-04-09T05:49:27.019+0000] {manager.py:878} INFO - 
================================================================================
DAG File Processing Stats

File Path                  PID    Runtime      # DAGs    # Errors  Last Runtime    Last Run
-------------------------  -----  ---------  --------  ----------  --------------  -------------------
/opt/airflow/dags/main.py                           1           0  0.34s           2026-04-09T05:49:21
================================================================================
[2026-04-09T05:49:57.573+0000] {manager.py:878} INFO - 
================================================================================
DAG File Processing Stats

File Path                  PID    Runtime      # DAGs    # Errors  Last Runtime    Last Run
-------------------------  -----  ---------  --------  ----------  --------------  -------------------
/opt/airflow/dags/main.py                           1           0  0.28s           2026-04-09T05:49:51
================================================================================
[2026-04-09T05:50:28.037+0000] {manager.py:878} INFO - 
================================================================================
DAG File Processing Stats

File Path                  PID    Runtime      # DAGs    # Errors  Last Runtime    Last Run
-------------------------  -----  ---------  --------  ----------  --------------  -------------------
/opt/airflow/dags/main.py                           1           0  0.24s           2026-04-09T05:50:22
================================================================================
[2026-04-09T05:50:58.459+0000] {manager.py:878} INFO - 
================================================================================
DAG File Processing Stats

File Path                  PID    Runtime      # DAGs    # Errors  Last Runtime    Last Run
-------------------------  -----  ---------  --------  ----------  --------------  -------------------
/opt/airflow/dags/main.py                           1           0  0.32s           2026-04-09T05:50:52
================================================================================
[2026-04-09T05:51:28.958+0000] {manager.py:878} INFO - 
================================================================================
DAG File Processing Stats

File Path                  PID    Runtime      # DAGs    # Errors  Last Runtime    Last Run
-------------------------  -----  ---------  --------  ----------  --------------  -------------------
/opt/airflow/dags/main.py                           1           0  0.25s           2026-04-09T05:51:23
================================================================================
[2026-04-09T05:51:59.404+0000] {manager.py:878} INFO - 
================================================================================
DAG File Processing Stats

File Path                  PID    Runtime      # DAGs    # Errors  Last Runtime    Last Run
-------------------------  -----  ---------  --------  ----------  --------------  -------------------
/opt/airflow/dags/main.py                           1           0  0.23s           2026-04-09T05:51:53
================================================================================
[2026-04-09T05:52:29.820+0000] {manager.py:878} INFO - 
================================================================================
DAG File Processing Stats

File Path                  PID    Runtime      # DAGs    # Errors  Last Runtime    Last Run
-------------------------  -----  ---------  --------  ----------  --------------  -------------------
/opt/airflow/dags/main.py                           1           0  0.41s           2026-04-09T05:52:24
================================================================================
[2026-04-09T05:53:00.451+0000] {manager.py:878} INFO - 
================================================================================
DAG File Processing Stats

File Path                  PID    Runtime      # DAGs    # Errors  Last Runtime    Last Run
-------------------------  -----  ---------  --------  ----------  --------------  -------------------
/opt/airflow/dags/main.py                           1           0  0.25s           2026-04-09T05:52:54
================================================================================
[2026-04-09T05:53:27.022+0000] {manager.py:737} INFO - Searching for files in /opt/airflow/dags
[2026-04-09T05:53:27.088+0000] {manager.py:740} INFO - There are 1 files in /opt/airflow/dags
[2026-04-09T05:53:30.866+0000] {manager.py:878} INFO - 
================================================================================
DAG File Processing Stats

File Path                  PID    Runtime      # DAGs    # Errors  Last Runtime    Last Run
-------------------------  -----  ---------  --------  ----------  --------------  -------------------
/opt/airflow/dags/main.py                           1           0  0.32s           2026-04-09T05:53:25
================================================================================
[2026-04-09T05:54:01.311+0000] {manager.py:878} INFO - 
================================================================================
DAG File Processing Stats

File Path                  PID    Runtime      # DAGs    # Errors  Last Runtime    Last Run
-------------------------  -----  ---------  --------  ----------  --------------  -------------------
/opt/airflow/dags/main.py                           1           0  0.26s           2026-04-09T05:53:55
================================================================================
[2026-04-09T05:54:31.555+0000] {manager.py:878} INFO - 
================================================================================
DAG File Processing Stats

File Path                  PID    Runtime      # DAGs    # Errors  Last Runtime    Last Run
-------------------------  -----  ---------  --------  ----------  --------------  -------------------
/opt/airflow/dags/main.py                           1           0  0.35s           2026-04-09T05:54:25
================================================================================
[2026-04-09T05:55:01.674+0000] {manager.py:878} INFO - 
================================================================================
DAG File Processing Stats

File Path                  PID    Runtime      # DAGs    # Errors  Last Runtime    Last Run
-------------------------  -----  ---------  --------  ----------  --------------  -------------------
/opt/airflow/dags/main.py                           1           0  0.54s           2026-04-09T05:54:56
================================================================================
[2026-04-09T05:55:32.361+0000] {manager.py:878} INFO - 
================================================================================
DAG File Processing Stats

File Path                  PID    Runtime      # DAGs    # Errors  Last Runtime    Last Run
-------------------------  -----  ---------  --------  ----------  --------------  -------------------
/opt/airflow/dags/main.py                           1           0  0.65s           2026-04-09T05:55:27
================================================================================
[2026-04-09T05:56:02.720+0000] {manager.py:878} INFO - 
================================================================================
DAG File Processing Stats

File Path                  PID    Runtime      # DAGs    # Errors  Last Runtime    Last Run
-------------------------  -----  ---------  --------  ----------  --------------  -------------------
/opt/airflow/dags/main.py                           1           0  0.31s           2026-04-09T05:55:57
================================================================================
[2026-04-09T05:56:33.085+0000] {manager.py:878} INFO - 
================================================================================
DAG File Processing Stats

File Path                  PID    Runtime      # DAGs    # Errors  Last Runtime    Last Run
-------------------------  -----  ---------  --------  ----------  --------------  -------------------
/opt/airflow/dags/main.py                           1           0  0.48s           2026-04-09T05:56:28
================================================================================
[2026-04-09T05:57:03.719+0000] {manager.py:878} INFO - 
================================================================================
DAG File Processing Stats

File Path                  PID    Runtime      # DAGs    # Errors  Last Runtime    Last Run
-------------------------  -----  ---------  --------  ----------  --------------  -------------------
/opt/airflow/dags/main.py                           1           0  0.26s           2026-04-09T05:56:58
================================================================================
[2026-04-09T05:57:34.162+0000] {manager.py:878} INFO - 
================================================================================
DAG File Processing Stats

File Path                  PID    Runtime      # DAGs    # Errors  Last Runtime    Last Run
-------------------------  -----  ---------  --------  ----------  --------------  -------------------
/opt/airflow/dags/main.py                           1           0  0.31s           2026-04-09T05:57:29
================================================================================
[2026-04-09T05:58:04.234+0000] {manager.py:878} INFO - 
================================================================================
DAG File Processing Stats

File Path                  PID    Runtime      # DAGs    # Errors  Last Runtime    Last Run
-------------------------  -----  ---------  --------  ----------  --------------  -------------------
/opt/airflow/dags/main.py                           1           0  0.51s           2026-04-09T05:58:00
================================================================================
[2026-04-09T05:58:27.384+0000] {manager.py:737} INFO - Searching for files in /opt/airflow/dags
[2026-04-09T05:58:27.554+0000] {manager.py:740} INFO - There are 1 files in /opt/airflow/dags
[2026-04-09T05:58:34.872+0000] {manager.py:878} INFO - 
================================================================================
DAG File Processing Stats

File Path                  PID    Runtime      # DAGs    # Errors  Last Runtime    Last Run
-------------------------  -----  ---------  --------  ----------  --------------  -------------------
/opt/airflow/dags/main.py                           1           0  0.32s           2026-04-09T05:58:30
================================================================================
[2026-04-09T05:59:05.165+0000] {manager.py:878} INFO - 
================================================================================
DAG File Processing Stats

File Path                  PID    Runtime      # DAGs    # Errors  Last Runtime    Last Run
-------------------------  -----  ---------  --------  ----------  --------------  -------------------
/opt/airflow/dags/main.py                           1           0  0.31s           2026-04-09T05:59:01
================================================================================
[2026-04-09T05:59:35.654+0000] {manager.py:878} INFO - 
================================================================================
DAG File Processing Stats

File Path                  PID    Runtime      # DAGs    # Errors  Last Runtime    Last Run
-------------------------  -----  ---------  --------  ----------  --------------  -------------------
/opt/airflow/dags/main.py                           1           0  0.32s           2026-04-09T05:59:31
================================================================================
[2026-04-09T06:00:06.157+0000] {manager.py:878} INFO - 
================================================================================
DAG File Processing Stats

File Path                  PID    Runtime      # DAGs    # Errors  Last Runtime    Last Run
-------------------------  -----  ---------  --------  ----------  --------------  -------------------
/opt/airflow/dags/main.py                           1           0  0.34s           2026-04-09T06:00:02
================================================================================
[2026-04-09T06:00:36.718+0000] {manager.py:878} INFO - 
================================================================================
DAG File Processing Stats

File Path                  PID    Runtime      # DAGs    # Errors  Last Runtime    Last Run
-------------------------  -----  ---------  --------  ----------  --------------  -------------------
/opt/airflow/dags/main.py                           1           0  0.24s           2026-04-09T06:00:32
================================================================================
[2026-04-09T06:01:07.141+0000] {manager.py:878} INFO - 
================================================================================
DAG File Processing Stats

File Path                  PID    Runtime      # DAGs    # Errors  Last Runtime    Last Run
-------------------------  -----  ---------  --------  ----------  --------------  -------------------
/opt/airflow/dags/main.py                           1           0  0.38s           2026-04-09T06:01:03
================================================================================
